Arguments: 
  /usr/local/bin/node /usr/local/Cellar/yarn/1.5.1_1/libexec/bin/yarn.js start-dev-server

PATH: 
  /usr/local/bin:/usr/bin:/bin:/usr/sbin:/sbin

Yarn version: 
  1.5.1

Node version: 
  11.6.0

Platform: 
  darwin x64

npm manifest: 
  {
    "name": "book-search",
    "version": "1.0.0",
    "description": "Book search app using HTML, CSS, handlebarJs templates, Backbone js",
    "main": "index.js",
    "scripts": {
      "test": "echo \"Error: no test specified\" && exit 1"
    },
    "keywords": [
      "book",
      "search"
    ],
    "author": "Manisha",
    "license": "MIT",
    "dependencies": {
      "backbone": "^1.4.0",
      "bootstrap": "^4.3.1",
      "jquery": "^3.4.1",
      "popper.js": "^1.14.7"
    },
    "devDependencies": {
      "grunt": "^1.0.4",
      "grunt-concat-css": "^0.3.2",
      "grunt-contrib-concat": "^1.0.1",
      "grunt-contrib-copy": "^1.0.0",
      "grunt-contrib-jshint": "^2.1.0",
      "grunt-contrib-qunit": "^3.1.0",
      "grunt-contrib-uglify": "^4.0.1",
      "grunt-contrib-watch": "^1.1.0"
    }
  }

yarn manifest: 
  No manifest

Lockfile: 
  No lockfile

Trace: 
  Error: Command "start-dev-server" not found.
      at new MessageError (/usr/local/Cellar/yarn/1.5.1_1/libexec/lib/cli.js:186:110)
      at /usr/local/Cellar/yarn/1.5.1_1/libexec/lib/cli.js:87307:17
      at Generator.next (<anonymous>)
      at step (/usr/local/Cellar/yarn/1.5.1_1/libexec/lib/cli.js:98:30)
      at /usr/local/Cellar/yarn/1.5.1_1/libexec/lib/cli.js:116:14
      at new Promise (<anonymous>)
      at new F (/usr/local/Cellar/yarn/1.5.1_1/libexec/lib/cli.js:23451:28)
      at /usr/local/Cellar/yarn/1.5.1_1/libexec/lib/cli.js:95:12
      at runCommand (/usr/local/Cellar/yarn/1.5.1_1/libexec/lib/cli.js:87312:22)
      at Object.<anonymous> (/usr/local/Cellar/yarn/1.5.1_1/libexec/lib/cli.js:87412:14)
